/nfs/student/student/c/comaoeng/CS529/MLPipeline_Midterm/mldev/lib/python3.10/site-packages/sklearn/svm/_base.py:305: ConvergenceWarning: Solver terminated early (max_iter=512).  Consider pre-processing your data with StandardScaler or MinMaxScaler.
  warnings.warn(
/nfs/student/student/c/comaoeng/CS529/MLPipeline_Midterm/mldev/lib/python3.10/site-packages/sklearn/svm/_base.py:305: ConvergenceWarning: Solver terminated early (max_iter=512).  Consider pre-processing your data with StandardScaler or MinMaxScaler.
  warnings.warn(
/nfs/student/student/c/comaoeng/CS529/MLPipeline_Midterm/mldev/lib/python3.10/site-packages/sklearn/svm/_base.py:305: ConvergenceWarning: Solver terminated early (max_iter=512).  Consider pre-processing your data with StandardScaler or MinMaxScaler.
  warnings.warn(
/nfs/student/student/c/comaoeng/CS529/MLPipeline_Midterm/mldev/lib/python3.10/site-packages/sklearn/svm/_base.py:305: ConvergenceWarning: Solver terminated early (max_iter=512).  Consider pre-processing your data with StandardScaler or MinMaxScaler.
  warnings.warn(
/nfs/student/student/c/comaoeng/CS529/MLPipeline_Midterm/mldev/lib/python3.10/site-packages/sklearn/svm/_base.py:305: ConvergenceWarning: Solver terminated early (max_iter=512).  Consider pre-processing your data with StandardScaler or MinMaxScaler.
  warnings.warn(
/nfs/student/student/c/comaoeng/CS529/MLPipeline_Midterm/mldev/lib/python3.10/site-packages/sklearn/svm/_base.py:305: ConvergenceWarning: Solver terminated early (max_iter=512).  Consider pre-processing your data with StandardScaler or MinMaxScaler.
  warnings.warn(
/nfs/student/student/c/comaoeng/CS529/MLPipeline_Midterm/mldev/lib/python3.10/site-packages/sklearn/svm/_base.py:305: ConvergenceWarning: Solver terminated early (max_iter=512).  Consider pre-processing your data with StandardScaler or MinMaxScaler.
  warnings.warn(
/nfs/student/student/c/comaoeng/CS529/MLPipeline_Midterm/mldev/lib/python3.10/site-packages/sklearn/svm/_base.py:305: ConvergenceWarning: Solver terminated early (max_iter=512).  Consider pre-processing your data with StandardScaler or MinMaxScaler.
  warnings.warn(
/nfs/student/student/c/comaoeng/CS529/MLPipeline_Midterm/mldev/lib/python3.10/site-packages/sklearn/svm/_base.py:305: ConvergenceWarning: Solver terminated early (max_iter=512).  Consider pre-processing your data with StandardScaler or MinMaxScaler.
  warnings.warn(
/nfs/student/student/c/comaoeng/CS529/MLPipeline_Midterm/mldev/lib/python3.10/site-packages/sklearn/svm/_base.py:305: ConvergenceWarning: Solver terminated early (max_iter=512).  Consider pre-processing your data with StandardScaler or MinMaxScaler.
  warnings.warn(
/nfs/student/student/c/comaoeng/CS529/MLPipeline_Midterm/mldev/lib/python3.10/site-packages/sklearn/svm/_base.py:305: ConvergenceWarning: Solver terminated early (max_iter=512).  Consider pre-processing your data with StandardScaler or MinMaxScaler.
  warnings.warn(
/nfs/student/student/c/comaoeng/CS529/MLPipeline_Midterm/mldev/lib/python3.10/site-packages/sklearn/svm/_base.py:305: ConvergenceWarning: Solver terminated early (max_iter=512).  Consider pre-processing your data with StandardScaler or MinMaxScaler.
  warnings.warn(
/nfs/student/student/c/comaoeng/CS529/MLPipeline_Midterm/mldev/lib/python3.10/site-packages/sklearn/svm/_base.py:305: ConvergenceWarning: Solver terminated early (max_iter=512).  Consider pre-processing your data with StandardScaler or MinMaxScaler.
  warnings.warn(
/nfs/student/student/c/comaoeng/CS529/MLPipeline_Midterm/mldev/lib/python3.10/site-packages/sklearn/svm/_base.py:305: ConvergenceWarning: Solver terminated early (max_iter=512).  Consider pre-processing your data with StandardScaler or MinMaxScaler.
  warnings.warn(
/nfs/student/student/c/comaoeng/CS529/MLPipeline_Midterm/mldev/lib/python3.10/site-packages/sklearn/svm/_base.py:305: ConvergenceWarning: Solver terminated early (max_iter=512).  Consider pre-processing your data with StandardScaler or MinMaxScaler.
  warnings.warn(
/nfs/student/student/c/comaoeng/CS529/MLPipeline_Midterm/mldev/lib/python3.10/site-packages/sklearn/svm/_base.py:305: ConvergenceWarning: Solver terminated early (max_iter=512).  Consider pre-processing your data with StandardScaler or MinMaxScaler.
  warnings.warn(
/nfs/student/student/c/comaoeng/CS529/MLPipeline_Midterm/mldev/lib/python3.10/site-packages/sklearn/svm/_base.py:305: ConvergenceWarning: Solver terminated early (max_iter=512).  Consider pre-processing your data with StandardScaler or MinMaxScaler.
  warnings.warn(
/nfs/student/student/c/comaoeng/CS529/MLPipeline_Midterm/mldev/lib/python3.10/site-packages/sklearn/svm/_base.py:305: ConvergenceWarning: Solver terminated early (max_iter=512).  Consider pre-processing your data with StandardScaler or MinMaxScaler.
  warnings.warn(
/nfs/student/student/c/comaoeng/CS529/MLPipeline_Midterm/mldev/lib/python3.10/site-packages/sklearn/svm/_base.py:305: ConvergenceWarning: Solver terminated early (max_iter=512).  Consider pre-processing your data with StandardScaler or MinMaxScaler.
  warnings.warn(
/nfs/student/student/c/comaoeng/CS529/MLPipeline_Midterm/mldev/lib/python3.10/site-packages/sklearn/svm/_base.py:305: ConvergenceWarning: Solver terminated early (max_iter=512).  Consider pre-processing your data with StandardScaler or MinMaxScaler.
  warnings.warn(
/nfs/student/student/c/comaoeng/CS529/MLPipeline_Midterm/mldev/lib/python3.10/site-packages/sklearn/svm/_base.py:305: ConvergenceWarning: Solver terminated early (max_iter=512).  Consider pre-processing your data with StandardScaler or MinMaxScaler.
  warnings.warn(
/nfs/student/student/c/comaoeng/CS529/MLPipeline_Midterm/mldev/lib/python3.10/site-packages/sklearn/svm/_base.py:305: ConvergenceWarning: Solver terminated early (max_iter=512).  Consider pre-processing your data with StandardScaler or MinMaxScaler.
  warnings.warn(
/nfs/student/student/c/comaoeng/CS529/MLPipeline_Midterm/mldev/lib/python3.10/site-packages/sklearn/svm/_base.py:305: ConvergenceWarning: Solver terminated early (max_iter=512).  Consider pre-processing your data with StandardScaler or MinMaxScaler.
  warnings.warn(
/nfs/student/student/c/comaoeng/CS529/MLPipeline_Midterm/mldev/lib/python3.10/site-packages/sklearn/svm/_base.py:305: ConvergenceWarning: Solver terminated early (max_iter=512).  Consider pre-processing your data with StandardScaler or MinMaxScaler.
  warnings.warn(
/nfs/student/student/c/comaoeng/CS529/MLPipeline_Midterm/mldev/lib/python3.10/site-packages/sklearn/svm/_base.py:305: ConvergenceWarning: Solver terminated early (max_iter=512).  Consider pre-processing your data with StandardScaler or MinMaxScaler.
  warnings.warn(
/nfs/student/student/c/comaoeng/CS529/MLPipeline_Midterm/mldev/lib/python3.10/site-packages/sklearn/svm/_base.py:305: ConvergenceWarning: Solver terminated early (max_iter=512).  Consider pre-processing your data with StandardScaler or MinMaxScaler.
  warnings.warn(
/nfs/student/student/c/comaoeng/CS529/MLPipeline_Midterm/mldev/lib/python3.10/site-packages/sklearn/svm/_base.py:305: ConvergenceWarning: Solver terminated early (max_iter=512).  Consider pre-processing your data with StandardScaler or MinMaxScaler.
  warnings.warn(
/nfs/student/student/c/comaoeng/CS529/MLPipeline_Midterm/mldev/lib/python3.10/site-packages/sklearn/svm/_base.py:305: ConvergenceWarning: Solver terminated early (max_iter=512).  Consider pre-processing your data with StandardScaler or MinMaxScaler.
  warnings.warn(
/nfs/student/student/c/comaoeng/CS529/MLPipeline_Midterm/mldev/lib/python3.10/site-packages/sklearn/svm/_base.py:305: ConvergenceWarning: Solver terminated early (max_iter=512).  Consider pre-processing your data with StandardScaler or MinMaxScaler.
  warnings.warn(
/nfs/student/student/c/comaoeng/CS529/MLPipeline_Midterm/mldev/lib/python3.10/site-packages/sklearn/svm/_base.py:305: ConvergenceWarning: Solver terminated early (max_iter=512).  Consider pre-processing your data with StandardScaler or MinMaxScaler.
  warnings.warn(
/nfs/student/student/c/comaoeng/CS529/MLPipeline_Midterm/mldev/lib/python3.10/site-packages/sklearn/svm/_base.py:305: ConvergenceWarning: Solver terminated early (max_iter=512).  Consider pre-processing your data with StandardScaler or MinMaxScaler.
  warnings.warn(
/nfs/student/student/c/comaoeng/CS529/MLPipeline_Midterm/mldev/lib/python3.10/site-packages/sklearn/svm/_base.py:305: ConvergenceWarning: Solver terminated early (max_iter=512).  Consider pre-processing your data with StandardScaler or MinMaxScaler.
  warnings.warn(
/nfs/student/student/c/comaoeng/CS529/MLPipeline_Midterm/mldev/lib/python3.10/site-packages/sklearn/svm/_base.py:305: ConvergenceWarning: Solver terminated early (max_iter=512).  Consider pre-processing your data with StandardScaler or MinMaxScaler.
  warnings.warn(
/nfs/student/student/c/comaoeng/CS529/MLPipeline_Midterm/mldev/lib/python3.10/site-packages/sklearn/svm/_base.py:305: ConvergenceWarning: Solver terminated early (max_iter=512).  Consider pre-processing your data with StandardScaler or MinMaxScaler.
  warnings.warn(
/nfs/student/student/c/comaoeng/CS529/MLPipeline_Midterm/mldev/lib/python3.10/site-packages/sklearn/svm/_base.py:305: ConvergenceWarning: Solver terminated early (max_iter=512).  Consider pre-processing your data with StandardScaler or MinMaxScaler.
  warnings.warn(
/nfs/student/student/c/comaoeng/CS529/MLPipeline_Midterm/mldev/lib/python3.10/site-packages/sklearn/svm/_base.py:305: ConvergenceWarning: Solver terminated early (max_iter=512).  Consider pre-processing your data with StandardScaler or MinMaxScaler.
  warnings.warn(
/nfs/student/student/c/comaoeng/CS529/MLPipeline_Midterm/mldev/lib/python3.10/site-packages/sklearn/svm/_base.py:305: ConvergenceWarning: Solver terminated early (max_iter=512).  Consider pre-processing your data with StandardScaler or MinMaxScaler.
  warnings.warn(
/nfs/student/student/c/comaoeng/CS529/MLPipeline_Midterm/mldev/lib/python3.10/site-packages/sklearn/svm/_base.py:305: ConvergenceWarning: Solver terminated early (max_iter=512).  Consider pre-processing your data with StandardScaler or MinMaxScaler.
  warnings.warn(
/nfs/student/student/c/comaoeng/CS529/MLPipeline_Midterm/mldev/lib/python3.10/site-packages/sklearn/svm/_base.py:305: ConvergenceWarning: Solver terminated early (max_iter=512).  Consider pre-processing your data with StandardScaler or MinMaxScaler.
  warnings.warn(
/nfs/student/student/c/comaoeng/CS529/MLPipeline_Midterm/mldev/lib/python3.10/site-packages/sklearn/svm/_base.py:305: ConvergenceWarning: Solver terminated early (max_iter=512).  Consider pre-processing your data with StandardScaler or MinMaxScaler.
  warnings.warn(
/nfs/student/student/c/comaoeng/CS529/MLPipeline_Midterm/mldev/lib/python3.10/site-packages/sklearn/svm/_base.py:305: ConvergenceWarning: Solver terminated early (max_iter=512).  Consider pre-processing your data with StandardScaler or MinMaxScaler.
  warnings.warn(
/nfs/student/student/c/comaoeng/CS529/MLPipeline_Midterm/mldev/lib/python3.10/site-packages/sklearn/svm/_base.py:305: ConvergenceWarning: Solver terminated early (max_iter=512).  Consider pre-processing your data with StandardScaler or MinMaxScaler.
  warnings.warn(
/nfs/student/student/c/comaoeng/CS529/MLPipeline_Midterm/mldev/lib/python3.10/site-packages/sklearn/svm/_base.py:305: ConvergenceWarning: Solver terminated early (max_iter=512).  Consider pre-processing your data with StandardScaler or MinMaxScaler.
  warnings.warn(
/nfs/student/student/c/comaoeng/CS529/MLPipeline_Midterm/mldev/lib/python3.10/site-packages/sklearn/svm/_base.py:305: ConvergenceWarning: Solver terminated early (max_iter=512).  Consider pre-processing your data with StandardScaler or MinMaxScaler.
  warnings.warn(
/nfs/student/student/c/comaoeng/CS529/MLPipeline_Midterm/mldev/lib/python3.10/site-packages/sklearn/svm/_base.py:305: ConvergenceWarning: Solver terminated early (max_iter=512).  Consider pre-processing your data with StandardScaler or MinMaxScaler.
  warnings.warn(
/nfs/student/student/c/comaoeng/CS529/MLPipeline_Midterm/mldev/lib/python3.10/site-packages/sklearn/svm/_base.py:305: ConvergenceWarning: Solver terminated early (max_iter=512).  Consider pre-processing your data with StandardScaler or MinMaxScaler.
  warnings.warn(
/nfs/student/student/c/comaoeng/CS529/MLPipeline_Midterm/mldev/lib/python3.10/site-packages/sklearn/svm/_base.py:305: ConvergenceWarning: Solver terminated early (max_iter=512).  Consider pre-processing your data with StandardScaler or MinMaxScaler.
  warnings.warn(
/nfs/student/student/c/comaoeng/CS529/MLPipeline_Midterm/mldev/lib/python3.10/site-packages/sklearn/svm/_base.py:305: ConvergenceWarning: Solver terminated early (max_iter=512).  Consider pre-processing your data with StandardScaler or MinMaxScaler.
  warnings.warn(
/nfs/student/student/c/comaoeng/CS529/MLPipeline_Midterm/mldev/lib/python3.10/site-packages/sklearn/svm/_base.py:305: ConvergenceWarning: Solver terminated early (max_iter=512).  Consider pre-processing your data with StandardScaler or MinMaxScaler.
  warnings.warn(
/nfs/student/student/c/comaoeng/CS529/MLPipeline_Midterm/mldev/lib/python3.10/site-packages/sklearn/svm/_base.py:305: ConvergenceWarning: Solver terminated early (max_iter=512).  Consider pre-processing your data with StandardScaler or MinMaxScaler.
  warnings.warn(
/nfs/student/student/c/comaoeng/CS529/MLPipeline_Midterm/mldev/lib/python3.10/site-packages/sklearn/svm/_base.py:305: ConvergenceWarning: Solver terminated early (max_iter=512).  Consider pre-processing your data with StandardScaler or MinMaxScaler.
  warnings.warn(
/nfs/student/student/c/comaoeng/CS529/MLPipeline_Midterm/mldev/lib/python3.10/site-packages/sklearn/svm/_base.py:305: ConvergenceWarning: Solver terminated early (max_iter=512).  Consider pre-processing your data with StandardScaler or MinMaxScaler.
  warnings.warn(
/nfs/student/student/c/comaoeng/CS529/MLPipeline_Midterm/mldev/lib/python3.10/site-packages/sklearn/svm/_base.py:305: ConvergenceWarning: Solver terminated early (max_iter=512).  Consider pre-processing your data with StandardScaler or MinMaxScaler.
  warnings.warn(
/nfs/student/student/c/comaoeng/CS529/MLPipeline_Midterm/mldev/lib/python3.10/site-packages/sklearn/svm/_base.py:305: ConvergenceWarning: Solver terminated early (max_iter=512).  Consider pre-processing your data with StandardScaler or MinMaxScaler.
  warnings.warn(
/nfs/student/student/c/comaoeng/CS529/MLPipeline_Midterm/mldev/lib/python3.10/site-packages/sklearn/svm/_base.py:305: ConvergenceWarning: Solver terminated early (max_iter=512).  Consider pre-processing your data with StandardScaler or MinMaxScaler.
  warnings.warn(
/nfs/student/student/c/comaoeng/CS529/MLPipeline_Midterm/mldev/lib/python3.10/site-packages/sklearn/svm/_base.py:305: ConvergenceWarning: Solver terminated early (max_iter=512).  Consider pre-processing your data with StandardScaler or MinMaxScaler.
  warnings.warn(
/nfs/student/student/c/comaoeng/CS529/MLPipeline_Midterm/mldev/lib/python3.10/site-packages/sklearn/svm/_base.py:305: ConvergenceWarning: Solver terminated early (max_iter=512).  Consider pre-processing your data with StandardScaler or MinMaxScaler.
  warnings.warn(
/nfs/student/student/c/comaoeng/CS529/MLPipeline_Midterm/mldev/lib/python3.10/site-packages/sklearn/svm/_base.py:305: ConvergenceWarning: Solver terminated early (max_iter=512).  Consider pre-processing your data with StandardScaler or MinMaxScaler.
  warnings.warn(
/nfs/student/student/c/comaoeng/CS529/MLPipeline_Midterm/mldev/lib/python3.10/site-packages/sklearn/svm/_base.py:305: ConvergenceWarning: Solver terminated early (max_iter=512).  Consider pre-processing your data with StandardScaler or MinMaxScaler.
  warnings.warn(
/nfs/student/student/c/comaoeng/CS529/MLPipeline_Midterm/mldev/lib/python3.10/site-packages/sklearn/svm/_base.py:305: ConvergenceWarning: Solver terminated early (max_iter=512).  Consider pre-processing your data with StandardScaler or MinMaxScaler.
  warnings.warn(
/nfs/student/student/c/comaoeng/CS529/MLPipeline_Midterm/mldev/lib/python3.10/site-packages/sklearn/svm/_base.py:305: ConvergenceWarning: Solver terminated early (max_iter=512).  Consider pre-processing your data with StandardScaler or MinMaxScaler.
  warnings.warn(
/nfs/student/student/c/comaoeng/CS529/MLPipeline_Midterm/mldev/lib/python3.10/site-packages/sklearn/svm/_base.py:305: ConvergenceWarning: Solver terminated early (max_iter=512).  Consider pre-processing your data with StandardScaler or MinMaxScaler.
  warnings.warn(
/nfs/student/student/c/comaoeng/CS529/MLPipeline_Midterm/mldev/lib/python3.10/site-packages/sklearn/svm/_base.py:305: ConvergenceWarning: Solver terminated early (max_iter=512).  Consider pre-processing your data with StandardScaler or MinMaxScaler.
  warnings.warn(
/nfs/student/student/c/comaoeng/CS529/MLPipeline_Midterm/mldev/lib/python3.10/site-packages/sklearn/svm/_base.py:305: ConvergenceWarning: Solver terminated early (max_iter=512).  Consider pre-processing your data with StandardScaler or MinMaxScaler.
  warnings.warn(
/nfs/student/student/c/comaoeng/CS529/MLPipeline_Midterm/mldev/lib/python3.10/site-packages/sklearn/svm/_base.py:305: ConvergenceWarning: Solver terminated early (max_iter=512).  Consider pre-processing your data with StandardScaler or MinMaxScaler.
  warnings.warn(
/nfs/student/student/c/comaoeng/CS529/MLPipeline_Midterm/mldev/lib/python3.10/site-packages/sklearn/svm/_base.py:305: ConvergenceWarning: Solver terminated early (max_iter=512).  Consider pre-processing your data with StandardScaler or MinMaxScaler.
  warnings.warn(
/nfs/student/student/c/comaoeng/CS529/MLPipeline_Midterm/mldev/lib/python3.10/site-packages/sklearn/svm/_base.py:305: ConvergenceWarning: Solver terminated early (max_iter=512).  Consider pre-processing your data with StandardScaler or MinMaxScaler.
  warnings.warn(
/nfs/student/student/c/comaoeng/CS529/MLPipeline_Midterm/mldev/lib/python3.10/site-packages/sklearn/svm/_base.py:305: ConvergenceWarning: Solver terminated early (max_iter=512).  Consider pre-processing your data with StandardScaler or MinMaxScaler.
  warnings.warn(
/nfs/student/student/c/comaoeng/CS529/MLPipeline_Midterm/mldev/lib/python3.10/site-packages/sklearn/svm/_base.py:305: ConvergenceWarning: Solver terminated early (max_iter=512).  Consider pre-processing your data with StandardScaler or MinMaxScaler.
  warnings.warn(
/nfs/student/student/c/comaoeng/CS529/MLPipeline_Midterm/mldev/lib/python3.10/site-packages/sklearn/svm/_base.py:305: ConvergenceWarning: Solver terminated early (max_iter=512).  Consider pre-processing your data with StandardScaler or MinMaxScaler.
  warnings.warn(
/nfs/student/student/c/comaoeng/CS529/MLPipeline_Midterm/mldev/lib/python3.10/site-packages/sklearn/svm/_base.py:305: ConvergenceWarning: Solver terminated early (max_iter=512).  Consider pre-processing your data with StandardScaler or MinMaxScaler.
  warnings.warn(
/nfs/student/student/c/comaoeng/CS529/MLPipeline_Midterm/mldev/lib/python3.10/site-packages/sklearn/svm/_base.py:305: ConvergenceWarning: Solver terminated early (max_iter=512).  Consider pre-processing your data with StandardScaler or MinMaxScaler.
  warnings.warn(
Number of Iterations = 512
Number of Components for PCA reduction = 50
C = 0.01
training accuracy = 0.8261666666666667, test accuracy = 0.8252, fit time = 57.7087878419552

Number of Iterations = 512
Number of Components for PCA reduction = 100
C = 0.01
training accuracy = 0.8765833333333334, test accuracy = 0.8728, fit time = 115.08390811085701

Number of Iterations = 512
Number of Components for PCA reduction = 200
C = 0.01
training accuracy = 0.9166666666666666, test accuracy = 0.9139, fit time = 188.1053124330938

Number of Iterations = 512
Number of Components for PCA reduction = 50
C = 10, gamma = 0.001
training accuracy = 0.9849666666666667, test accuracy = 0.9702, fit time = 65.71365002100356

Number of Iterations = 512
Number of Components for PCA reduction = 100
C = 10, gamma = 0.001
training accuracy = 0.9898333333333333, test accuracy = 0.9749, fit time = 138.47281230706722

Number of Iterations = 512
Number of Components for PCA reduction = 200
C = 10, gamma = 0.001
training accuracy = 0.9925166666666667, test accuracy = 0.9744, fit time = 232.1853475680109

Number of Iterations = 512
Number of Components for PCA reduction = 50
C = 0.01, gamma = 0.1, degree = 2
training accuracy = 0.9876833333333334, test accuracy = 0.967, fit time = 46.47152340691537

Number of Iterations = 512
Number of Components for PCA reduction = 100
C = 1, gamma = 0.01, degree = 2
training accuracy = 0.9926666666666667, test accuracy = 0.9739, fit time = 106.3680783091113

Number of Iterations = 512
Number of Components for PCA reduction = 200
C = 1, gamma = 0.01, degree = 2
training accuracy = 0.9942333333333333, test accuracy = 0.9743, fit time = 190.31218226905912

3142.35user 0.89system 52:21.85elapsed 100%CPU (0avgtext+0avgdata 547136maxresident)k
6984inputs+360outputs (35major+226795minor)pagefaults 0swaps
